  [4;36;1mSQL (0.1ms)[0m   [0;1mSET NAMES 'utf8'[0m
  [4;35;1mSQL (0.1ms)[0m   [0mSET SQL_AUTO_IS_NULL=0[0m
  [4;36;1mSQL (29.9ms)[0m   [0;1mCREATE DATABASE `mobile_ruby_prod` DEFAULT CHARACTER SET `utf8` COLLATE `utf8_general_ci`[0m
  [4;36;1mSQL (0.1ms)[0m   [0;1mSET NAMES 'utf8'[0m
  [4;35;1mSQL (0.1ms)[0m   [0mSET SQL_AUTO_IS_NULL=0[0m
  [4;36;1mSQL (0.2ms)[0m   [0;1mSHOW TABLES[0m
  [4;35;1mSQL (70.4ms)[0m   [0mCREATE TABLE `schema_migrations` (`version` varchar(255) NOT NULL) ENGINE=InnoDB[0m
  [4;36;1mSQL (17.4ms)[0m   [0;1mCREATE UNIQUE INDEX `unique_schema_migrations` ON `schema_migrations` (`version`)[0m
  [4;35;1mSQL (0.3ms)[0m   [0mSHOW TABLES[0m
  [4;36;1mSQL (0.3ms)[0m   [0;1mSELECT version FROM schema_migrations[0m
Migrating to CreatePages (20090220182916)
  [4;35;1mSQL (2.6ms)[0m   [0mCREATE TABLE `pages` (`id` int(11) DEFAULT NULL auto_increment PRIMARY KEY, `name` varchar(255), `link` varchar(255), `obs` text, `position` int(11), `root_page_id` int(11), `color` varchar(255), `title_visibility` tinyint(1), `publish` tinyint(1), `restricted` tinyint(1), `is_menu` tinyint(1), `content` text, `created_at` datetime, `updated_at` datetime) ENGINE=InnoDB[0m
  [4;36;1mSQL (0.3ms)[0m   [0;1mINSERT INTO schema_migrations (version) VALUES ('20090220182916')[0m
  [4;35;1mSQL (0.3ms)[0m   [0mSHOW TABLES[0m
  [4;36;1mSQL (0.2ms)[0m   [0;1mSELECT version FROM schema_migrations[0m
  [4;35;1mSQL (0.2ms)[0m   [0mSHOW TABLES[0m
  [4;36;1mSQL (1.1ms)[0m   [0;1mSHOW FIELDS FROM `pages`[0m
  [4;35;1mSQL (1.1ms)[0m   [0mdescribe `pages`[0m
  [4;36;1mSQL (0.3ms)[0m   [0;1mSHOW KEYS FROM `pages`[0m


Processing PagesController#index (for 127.0.0.1 at 2009-02-20 15:35:00) [GET]
  [4;36;1mSQL (0.2ms)[0m   [0;1mSET NAMES 'utf8'[0m
  [4;35;1mSQL (0.1ms)[0m   [0mSET SQL_AUTO_IS_NULL=0[0m
  [4;36;1mPage Load (0.5ms)[0m   [0;1mSELECT * FROM `pages` [0m
Rendering template within layouts/pages
Rendering pages/index
Completed in 26ms (View: 10, DB: 1) | 200 OK [http://localhost/pages]


Processing PagesController#new (for 127.0.0.1 at 2009-02-20 15:35:01) [GET]
  [4;35;1mSQL (0.1ms)[0m   [0mSET NAMES 'utf8'[0m
  [4;36;1mSQL (0.1ms)[0m   [0;1mSET SQL_AUTO_IS_NULL=0[0m
  [4;35;1mPage Columns (1.6ms)[0m   [0mSHOW FIELDS FROM `pages`[0m
Rendering template within layouts/pages
Rendering pages/new
Completed in 44ms (View: 27, DB: 2) | 200 OK [http://localhost/pages/new]
